This is pdfTeX, Version 3.1415926-2.4-1.40.13 (MiKTeX 2.9 64-bit) (preloaded format=pdflatex 2013.11.15)  15 FEB 2017 01:40
entering extended mode
**draft.tex
("C:\Users\Jona Q\Documents\Research\draft.tex"
LaTeX2e <2011/06/27>
Babel <v3.8m> and hyphenation patterns for english, afrikaans, ancientgreek, arabic, armenian, assamese, basque, bengali, bokmal, bulgarian, catalan, coptic, croatian, czech, danish, dutch, esperanto, estonian, farsi, finnish, french, galician, german, german-x-2012-05-30, greek, gujarati, hindi, hungarian, icelandic, indonesian, interlingua, irish, italian, kannada, kurmanji, latin, latvian, lithuanian, malayalam, marathi, mongolian, mongolianlmc, monogreek, ngerman, ngerman-x-2012-05-30, nynorsk, oriya, panjabi, pinyin, polish, portuguese, romanian, russian, sanskrit, serbian, slovak, slovenian, spanish, swedish, swissgerman, tamil, telugu, turkish, turkmen, ukenglish, ukrainian, uppersorbian, usenglishmax, welsh, loaded.
(C:\MiKTeX\tex\latex\base\article.cls
Document Class: article 2007/10/19 v1.4h Standard LaTeX document class
(C:\MiKTeX\tex\latex\base\size12.clo
File: size12.clo 2007/10/19 v1.4h Standard LaTeX file (size option)
)
\c@part=\count79
\c@section=\count80
\c@subsection=\count81
\c@subsubsection=\count82
\c@paragraph=\count83
\c@subparagraph=\count84
\c@figure=\count85
\c@table=\count86
\abovecaptionskip=\skip41
\belowcaptionskip=\skip42
\bibindent=\dimen102
) (C:\MiKTeX\tex\latex\graphics\graphicx.sty
Package: graphicx 1999/02/16 v1.0f Enhanced LaTeX Graphics (DPC,SPQR)
 (C:\MiKTeX\tex\latex\graphics\keyval.sty
Package: keyval 1999/03/16 v1.13 key=value parser (DPC)
\KV@toks@=\toks14
) (C:\MiKTeX\tex\latex\graphics\graphics.sty
Package: graphics 2009/02/05 v1.0o Standard LaTeX Graphics (DPC,SPQR)
 (C:\MiKTeX\tex\latex\graphics\trig.sty
Package: trig 1999/03/16 v1.09 sin cos tan (DPC)
) (C:\MiKTeX\tex\latex\00miktex\graphics.cfg
File: graphics.cfg 2007/01/18 v1.5 graphics configuration of teTeX/TeXLive
)
Package graphics Info: Driver file: pdftex.def on input line 91.
 (C:\MiKTeX\tex\latex\pdftex-def\pdftex.def
File: pdftex.def 2011/05/27 v0.06d Graphics/color for pdfTeX
 (C:\MiKTeX\tex\generic\oberdiek\infwarerr.sty
Package: infwarerr 2010/04/08 v1.3 Providing info/warning/error messages (HO)
) (C:\MiKTeX\tex\generic\oberdiek\ltxcmds.sty
Package: ltxcmds 2011/11/09 v1.22 LaTeX kernel commands for general use (HO)
)
\Gread@gobject=\count87
))
\Gin@req@height=\dimen103
\Gin@req@width=\dimen104
) (C:\MiKTeX\tex\latex\float\float.sty
Package: float 2001/11/08 v1.3d Float enhancements (AL)
\c@float@type=\count88
\float@exts=\toks15
\float@box=\box26
\@float@everytoks=\toks16
\@floatcapt=\box27
) (C:\MiKTeX\tex\latex\algorithms\algorithm.sty
Package: algorithm 2009/08/24 v0.1 Document Style `algorithm' - floating environment
 (C:\MiKTeX\tex\latex\base\ifthen.sty
Package: ifthen 2001/05/26 v1.1c Standard LaTeX ifthen package (DPC)
)
\@float@every@algorithm=\toks17
\c@algorithm=\count89
) (C:\MiKTeX\tex\latex\amsmath\amsmath.sty
Package: amsmath 2013/01/14 v2.14 AMS math features
\@mathmargin=\skip43

For additional information on amsmath, use the `?' option.
(C:\MiKTeX\tex\latex\amsmath\amstext.sty
Package: amstext 2000/06/29 v2.01
 (C:\MiKTeX\tex\latex\amsmath\amsgen.sty
File: amsgen.sty 1999/11/30 v2.0
\@emptytoks=\toks18
\ex@=\dimen105
)) (C:\MiKTeX\tex\latex\amsmath\amsbsy.sty
Package: amsbsy 1999/11/29 v1.2d
\pmbraise@=\dimen106
) (C:\MiKTeX\tex\latex\amsmath\amsopn.sty
Package: amsopn 1999/12/14 v2.01 operator names
)
\inf@bad=\count90
LaTeX Info: Redefining \frac on input line 210.
\uproot@=\count91
\leftroot@=\count92
LaTeX Info: Redefining \overline on input line 306.
\classnum@=\count93
\DOTSCASE@=\count94
LaTeX Info: Redefining \ldots on input line 378.
LaTeX Info: Redefining \dots on input line 381.
LaTeX Info: Redefining \cdots on input line 466.
\Mathstrutbox@=\box28
\strutbox@=\box29
\big@size=\dimen107
LaTeX Font Info:    Redeclaring font encoding OML on input line 566.
LaTeX Font Info:    Redeclaring font encoding OMS on input line 567.
\macc@depth=\count95
\c@MaxMatrixCols=\count96
\dotsspace@=\muskip10
\c@parentequation=\count97
\dspbrk@lvl=\count98
\tag@help=\toks19
\row@=\count99
\column@=\count100
\maxfields@=\count101
\andhelp@=\toks20
\eqnshift@=\dimen108
\alignsep@=\dimen109
\tagshift@=\dimen110
\tagwidth@=\dimen111
\totwidth@=\dimen112
\lineht@=\dimen113
\@envbody=\toks21
\multlinegap=\skip44
\multlinetaggap=\skip45
\mathdisplay@stack=\toks22
LaTeX Info: Redefining \[ on input line 2665.
LaTeX Info: Redefining \] on input line 2666.
) (C:\MiKTeX\tex\latex\algorithmicx\algpseudocode.sty
Package: algpseudocode 
 (C:\MiKTeX\tex\latex\algorithmicx\algorithmicx.sty
Package: algorithmicx 2005/04/27 v1.2 Algorithmicx

Document Style algorithmicx 1.2 - a greatly improved `algorithmic' style
\c@ALG@line=\count102
\c@ALG@rem=\count103
\c@ALG@nested=\count104
\ALG@tlm=\skip46
\ALG@thistlm=\skip47
\c@ALG@Lnr=\count105
\c@ALG@blocknr=\count106
\c@ALG@storecount=\count107
\c@ALG@tmpcounter=\count108
\ALG@tmplength=\skip48
)
Document Style - pseudocode environments for use with the `algorithmicx' style
) (C:\MiKTeX\tex\latex\amsfonts\amssymb.sty
Package: amssymb 2013/01/14 v3.01 AMS font symbols
 (C:\MiKTeX\tex\latex\amsfonts\amsfonts.sty
Package: amsfonts 2013/01/14 v3.01 Basic AMSFonts support
\symAMSa=\mathgroup4
\symAMSb=\mathgroup5
LaTeX Font Info:    Overwriting math alphabet `\mathfrak' in version `bold'
(Font)                  U/euf/m/n --> U/euf/b/n on input line 106.
)) (C:\MiKTeX\tex\latex\tools\bm.sty
Package: bm 2004/02/26 v1.1c Bold Symbol Support (DPC/FMi)
\symboldoperators=\mathgroup6
\symboldletters=\mathgroup7
\symboldsymbols=\mathgroup8
LaTeX Font Info:    Redeclaring math alphabet \mathbf on input line 138.
LaTeX Info: Redefining \bm on input line 204.
) ("C:\Users\Jona Q\Documents\Research\draft.aux")
LaTeX Font Info:    Checking defaults for OML/cmm/m/it on input line 24.
LaTeX Font Info:    ... okay on input line 24.
LaTeX Font Info:    Checking defaults for T1/cmr/m/n on input line 24.
LaTeX Font Info:    ... okay on input line 24.
LaTeX Font Info:    Checking defaults for OT1/cmr/m/n on input line 24.
LaTeX Font Info:    ... okay on input line 24.
LaTeX Font Info:    Checking defaults for OMS/cmsy/m/n on input line 24.
LaTeX Font Info:    ... okay on input line 24.
LaTeX Font Info:    Checking defaults for OMX/cmex/m/n on input line 24.
LaTeX Font Info:    ... okay on input line 24.
LaTeX Font Info:    Checking defaults for U/cmr/m/n on input line 24.
LaTeX Font Info:    ... okay on input line 24.
 (C:\MiKTeX\tex\context\base\supp-pdf.mkii
[Loading MPS to PDF converter (version 2006.09.02).]
\scratchcounter=\count109
\scratchdimen=\dimen114
\scratchbox=\box30
\nofMPsegments=\count110
\nofMParguments=\count111
\everyMPshowfont=\toks23
\MPscratchCnt=\count112
\MPscratchDim=\dimen115
\MPnumerator=\count113
\makeMPintoPDFobject=\count114
\everyMPtoPDFconversion=\toks24
) [1

{C:/Users/Jona Q/AppData/Local/MiKTeX/2.9/pdftex/config/pdftex.map}]
LaTeX Font Info:    Try loading font information for OMS+cmr on input line 70.
 (C:\MiKTeX\tex\latex\base\omscmr.fd
File: omscmr.fd 1999/05/25 v2.5h Standard LaTeX font definitions
)
LaTeX Font Info:    Font shape `OMS/cmr/m/n' in size <12> not available
(Font)              Font shape `OMS/cmsy/m/n' tried instead on input line 70.
 [2] [3]
LaTeX Font Info:    Try loading font information for U+msa on input line 119.
 (C:\MiKTeX\tex\latex\amsfonts\umsa.fd
File: umsa.fd 2013/01/14 v3.01 AMS symbols A
)
LaTeX Font Info:    Try loading font information for U+msb on input line 119.
 (C:\MiKTeX\tex\latex\amsfonts\umsb.fd
File: umsb.fd 2013/01/14 v3.01 AMS symbols B
) [4]
Underfull \hbox (badness 10000) in paragraph at lines 167--168
[]\OT1/cmr/bx/n/12 pro-ce-dure \OT1/cmr/m/sc/12 Mean-Cosi-neS-im-i-lar-i-tyMin-i-miza-
 []

[5]
Underfull \hbox (badness 10000) in paragraph at lines 199--203

 []

[6]
Overfull \hbox (8.70836pt too wide) in paragraph at lines 208--210
\OT1/cmr/m/n/12 In the fol-low-ing sec-tions, we pro-vide per-for-mance anal-y-sis and dis-cuss strengths
 []

[7] <Images/keywordresults.png, id=41, 1621.05624pt x 1029.8475pt>
File: Images/keywordresults.png Graphic file (type png)
 <use Images/keywordresults.png>
Package pdftex.def Info: Images/keywordresults.png used on input line 247.
(pdftex.def)             Requested size: 289.08139pt x 144.5391pt.
 [8] <Images/classifier_fmeasure.png, id=46, 907.89188pt x 453.19313pt>
File: Images/classifier_fmeasure.png Graphic file (type png)
 <use Images/classifier_fmeasure.png>
Package pdftex.def Info: Images/classifier_fmeasure.png used on input line 272.
(pdftex.def)             Requested size: 289.07674pt x 144.5407pt.
 [9 <C:/Users/Jona Q/Documents/Research/Images/keywordresults.png>]
Overfull \hbox (1.93582pt too wide) in paragraph at lines 278--278
[]\OT1/cmr/bx/n/17.28 Communities of Prac-tice: Learn-ing to Clas-
 []

[10 <C:/Users/Jona Q/Documents/Research/Images/classifier_fmeasure.png>] <Images/abstracts_to_sequences.jpg, id=54, 4059.165pt x 1196.47pt>
File: Images/abstracts_to_sequences.jpg Graphic file (type jpg)
 <use Images/abstracts_to_sequences.jpg>
Package pdftex.def Info: Images/abstracts_to_sequences.jpg used on input line 297.
(pdftex.def)             Requested size: 289.06367pt x 144.5378pt.
 <Images/sequences_to_embeddings.jpg, id=55, 1803.73875pt x 1869.98625pt>
File: Images/sequences_to_embeddings.jpg Graphic file (type jpg)
 <use Images/sequences_to_embeddings.jpg>
Package pdftex.def Info: Images/sequences_to_embeddings.jpg used on input line 313.
(pdftex.def)             Requested size: 1803.73438pt x 1869.9817pt.
 [11 <C:/Users/Jona Q/Documents/Research/Images/abstracts_to_sequences.jpg>] <Images/convolution_figure.jpg, id=59, 1237.62375pt x 2303.60625pt>
File: Images/convolution_figure.jpg Graphic file (type jpg)
 <use Images/convolution_figure.jpg>
Package pdftex.def Info: Images/convolution_figure.jpg used on input line 323.
(pdftex.def)             Requested size: 1237.62074pt x 2303.60065pt.
 [12 <C:/Users/Jona Q/Documents/Research/Images/sequences_to_embeddings.jpg> <C:/Users/Jona Q/Documents/Research/Images/convolution_figure.jpg>] <Images/net_conv_figure.jpg, id=63, 2999.205pt x 1116.17pt>
File: Images/net_conv_figure.jpg Graphic file (type jpg)
 <use Images/net_conv_figure.jpg>
Package pdftex.def Info: Images/net_conv_figure.jpg used on input line 339.
(pdftex.def)             Requested size: 289.0462pt x 144.52812pt.
 <Images/ACM_CoP_distribution.png, id=64, 852.93657pt x 437.38406pt>
File: Images/ACM_CoP_distribution.png Graphic file (type png)
 <use Images/ACM_CoP_distribution.png>
Package pdftex.def Info: Images/ACM_CoP_distribution.png used on input line 350.
(pdftex.def)             Requested size: 289.08356pt x 144.5374pt.
 [13 <C:/Users/Jona Q/Documents/Research/Images/net_conv_figure.jpg>]
Overfull \hbox (5.01575pt too wide) in paragraph at lines 355--361
[][] 
 []

<Images/NSF_Awards_distribution.png, id=69, 866.48718pt x 455.45157pt>
File: Images/NSF_Awards_distribution.png Graphic file (type png)
 <use Images/NSF_Awards_distribution.png>
Package pdftex.def Info: Images/NSF_Awards_distribution.png used on input line 367.
(pdftex.def)             Requested size: 289.07515pt x 144.53824pt.
 <Images/fmeasure_nsf_30000_1000.png, id=70, 912.40875pt x 456.95718pt>
File: Images/fmeasure_nsf_30000_1000.png Graphic file (type png)
 <use Images/fmeasure_nsf_30000_1000.png>
Package pdftex.def Info: Images/fmeasure_nsf_30000_1000.png used on input line 380.
(pdftex.def)             Requested size: 289.06702pt x 144.53494pt.
 [14 <C:/Users/Jona Q/Documents/Research/Images/ACM_CoP_distribution.png> <C:/Users/Jona Q/Documents/Research/Images/NSF_Awards_distribution.png>] <Images/fmeasure_nsf_5000_500.png, id=74, 905.63344pt x 459.96844pt>
File: Images/fmeasure_nsf_5000_500.png Graphic file (type png)
 <use Images/fmeasure_nsf_5000_500.png>
Package pdftex.def Info: Images/fmeasure_nsf_5000_500.png used on input line 387.
(pdftex.def)             Requested size: 289.07622pt x 144.53989pt.
 <Images/fmeasure_nsf_20000_250.png, id=75, 919.18407pt x 462.97969pt>
File: Images/fmeasure_nsf_20000_250.png Graphic file (type png)
 <use Images/fmeasure_nsf_20000_250.png>
Package pdftex.def Info: Images/fmeasure_nsf_20000_250.png used on input line 393.
(pdftex.def)             Requested size: 289.08167pt x 144.5395pt.
 [15 <C:/Users/Jona Q/Documents/Research/Images/fmeasure_nsf_30000_1000.png> <C:/Users/Jona Q/Documents/Research/Images/fmeasure_nsf_5000_500.png>] <Images/loss_nsf_30000_1000.png, id=79, 898.10532pt x 475.02469pt>
File: Images/loss_nsf_30000_1000.png Graphic file (type png)
 <use Images/loss_nsf_30000_1000.png>
Package pdftex.def Info: Images/loss_nsf_30000_1000.png used on input line 399.
(pdftex.def)             Requested size: 289.07146pt x 144.53801pt.
 <Images/loss_nsf_10000_500.png, id=80, 908.64468pt x 465.23813pt>
File: Images/loss_nsf_10000_500.png Graphic file (type png)
 <use Images/loss_nsf_10000_500.png>
Package pdftex.def Info: Images/loss_nsf_10000_500.png used on input line 405.
(pdftex.def)             Requested size: 289.08073pt x 144.53467pt.
 [16 <C:/Users/Jona Q/Documents/Research/Images/fmeasure_nsf_20000_250.png> <C:/Users/Jona Q/Documents/Research/Images/loss_nsf_30000_1000.png>] <Images/loss_nsf_5000_500.png, id=84, 884.55469pt x 455.45157pt>
File: Images/loss_nsf_5000_500.png Graphic file (type png)
 <use Images/loss_nsf_5000_500.png>
Package pdftex.def Info: Images/loss_nsf_5000_500.png used on input line 412.
(pdftex.def)             Requested size: 289.08304pt x 144.53824pt.
 <Images/loss_nsf_20000_250.png, id=85, 924.45375pt x 465.23813pt>
File: Images/loss_nsf_20000_250.png Graphic file (type png)
 <use Images/loss_nsf_20000_250.png>
Package pdftex.def Info: Images/loss_nsf_20000_250.png used on input line 418.
(pdftex.def)             Requested size: 289.07446pt x 144.53467pt.
 [17 <C:/Users/Jona Q/Documents/Research/Images/loss_nsf_10000_500.png> <C:/Users/Jona Q/Documents/Research/Images/loss_nsf_5000_500.png>] <Images/arxiv_distribution.png, id=89, 885.3075pt x 471.26062pt>
File: Images/arxiv_distribution.png Graphic file (type png)
 <use Images/arxiv_distribution.png>
Package pdftex.def Info: Images/arxiv_distribution.png used on input line 427.
(pdftex.def)             Requested size: 289.0859pt x 144.53606pt.
 [18 <C:/Users/Jona Q/Documents/Research/Images/loss_nsf_20000_250.png> <C:/Users/Jona Q/Documents/Research/Images/arxiv_distribution.png>] <Images/data_augmentation.jpg, id=93, 4063.18pt x 353.32pt>
File: Images/data_augmentation.jpg Graphic file (type jpg)
 <use Images/data_augmentation.jpg>
Package pdftex.def Info: Images/data_augmentation.jpg used on input line 445.
(pdftex.def)             Requested size: 289.0396pt x 36.13196pt.
 [19 <C:/Users/Jona Q/Documents/Research/Images/data_augmentation.jpg>] ("C:\Users\Jona Q\Documents\Research\draft.aux") ) 
Here is how much of TeX's memory you used:
 2835 strings out of 493921
 36457 string characters out of 3154496
 91863 words of memory out of 3000000
 6082 multiletter control sequences out of 15000+200000
 12913 words of font info for 47 fonts, out of 3000000 for 9000
 841 hyphenation exceptions out of 8191
 27i,10n,26p,376b,314s stack positions out of 5000i,500n,10000p,200000b,50000s
<C:/MiKTeX/fonts/type1/public/amsfonts/cm/cmbx12.pfb><C:/MiKTeX/fonts/type1/public/amsfonts/cm/cmbx6.pfb><C:/MiKTeX/fonts/type1/public/amsfonts/cm/cmbx8.pfb><C:/MiKTeX/fonts/type1/public/amsfonts/cm/cmcsc10.pfb><C:/MiKTeX/fonts/type1/public/amsfonts/cm/cmex10.pfb><C:/MiKTeX/fonts/type1/public/amsfonts/cm/cmmi12.pfb><C:/MiKTeX/fonts/type1/public/amsfonts/cm/cmmi6.pfb><C:/MiKTeX/fonts/type1/public/amsfonts/cm/cmmi8.pfb><C:/MiKTeX/fonts/type1/public/amsfonts/cm/cmmib10.pfb><C:/MiKTeX/fonts/type1/public/amsfonts/cmextra/cmmib8.pfb><C:/MiKTeX/fonts/type1/public/amsfonts/cm/cmr10.pfb><C:/MiKTeX/fonts/type1/public/amsfonts/cm/cmr12.pfb><C:/MiKTeX/fonts/type1/public/amsfonts/cm/cmr6.pfb><C:/MiKTeX/fonts/type1/public/amsfonts/cm/cmr8.pfb><C:/MiKTeX/fonts/type1/public/amsfonts/cm/cmsy10.pfb><C:/MiKTeX/fonts/type1/public/amsfonts/cm/cmsy8.pfb><C:/MiKTeX/fonts/type1/public/amsf
onts/cm/cmti12.pfb>
Output written on draft.pdf (19 pages, 2027043 bytes).
PDF statistics:
 151 PDF objects out of 1000 (max. 8388607)
 0 named destinations out of 1000 (max. 500000)
 86 words of extra memory for PDF output out of 10000 (max. 10000000)

